2023-05-09 09:21:08,116 - INFO - Handler added to logger
2023-05-09 09:21:08,140 - INFO - testing stop signal...
2023-05-09 09:21:08,141 - INFO - stop signal file not found, motion detection started
2023-05-09 09:21:09,143 - INFO - testing stop signal...
2023-05-09 09:21:09,143 - INFO - stop signal file not found, motion detection started
2023-05-09 09:21:10,144 - INFO - testing stop signal...
2023-05-09 09:21:10,145 - INFO - stop signal file not found, motion detection started
2023-05-09 09:21:11,147 - INFO - testing stop signal...
2023-05-09 09:21:11,148 - INFO - stop signal file not found, motion detection started
2023-05-09 09:21:12,149 - INFO - testing stop signal...
2023-05-09 09:21:12,150 - INFO - stop signal file not found, motion detection started
2023-05-09 09:21:12,479 - INFO - motion detected !
2023-05-09 09:21:12,980 - INFO - preparing to take a picture
2023-05-09 09:21:13,152 - INFO - testing stop signal...
2023-05-09 09:21:13,153 - INFO - stop signal file not found, motion detection started
2023-05-09 09:21:13,154 - INFO - motion detected !
2023-05-09 09:21:13,655 - INFO - preparing to take a picture
2023-05-09 09:21:13,709 - INFO - Picture taken and saved as /home/it/busted_pictures/motion_picture_2023-05-09_09-21-13.jpg
2023-05-09 09:25:07,110 - INFO - Handler added to logger
2023-05-09 09:25:07,133 - INFO - testing stop signal...
2023-05-09 09:25:07,134 - INFO - stop signal file not found, motion detection started
2023-05-09 09:25:14,987 - INFO - motion detected !
2023-05-09 09:25:15,154 - INFO - motion detected !
2023-05-09 09:25:15,488 - INFO - preparing to take a picture
2023-05-09 09:25:15,655 - INFO - preparing to take a picture
2023-05-09 09:25:15,687 - INFO - Picture taken and saved as /home/it/busted_pictures/motion_picture_2023-05-09_09-25-15.jpg
2023-05-09 09:30:08,060 - INFO - Handler added to logger
2023-05-09 09:30:08,083 - INFO - testing stop signal...
2023-05-09 09:30:08,083 - INFO - stop signal file not found, motion detection started
2023-05-09 09:30:13,405 - INFO - motion detected !
2023-05-09 09:30:13,907 - INFO - preparing to take a picture
2023-05-09 09:30:14,101 - INFO - motion detected !
2023-05-09 09:30:14,605 - INFO - preparing to take a picture
2023-05-09 09:30:14,655 - INFO - Picture taken and saved as /home/it/busted_pictures/motion_picture_2023-05-09_09-30-14.jpg
2023-05-09 09:33:15,068 - INFO - Handler added to logger
2023-05-09 09:33:15,096 - INFO - testing stop signal...
2023-05-09 09:33:15,097 - INFO - stop signal file not found, motion detection started
2023-05-09 09:33:19,380 - INFO - motion detected !
2023-05-09 09:33:19,881 - INFO - preparing to take a picture
2023-05-09 09:33:20,114 - INFO - motion detected !
2023-05-09 09:33:20,616 - INFO - preparing to take a picture
2023-05-09 09:33:20,648 - INFO - Picture taken and saved as /home/it/busted_pictures/motion_picture_2023-05-09_09-33-20.jpg
2023-05-09 09:35:43,009 - INFO - Handler added to logger
2023-05-09 09:35:43,037 - INFO - testing stop signal...
2023-05-09 09:35:43,037 - INFO - stop signal file not found, motion detection started
2023-05-09 09:35:44,873 - INFO - motion detected !
2023-05-09 09:35:45,051 - INFO - motion detected !
2023-05-09 09:35:45,374 - INFO - preparing to take a picture
2023-05-09 09:35:45,552 - INFO - preparing to take a picture
2023-05-09 09:35:45,581 - INFO - Picture taken and saved as /home/it/busted_pictures/motion_picture_2023-05-09_09-35-45.jpg
2023-05-09 09:37:06,907 - INFO - Handler added to logger
2023-05-09 09:37:06,934 - INFO - testing stop signal...
2023-05-09 09:37:06,935 - INFO - stop signal file not found, motion detection started
2023-05-09 09:37:08,659 - INFO - motion detected !
2023-05-09 09:37:08,959 - INFO - motion detected !
2023-05-09 09:37:09,160 - INFO - preparing to take a picture
2023-05-09 09:37:09,460 - INFO - preparing to take a picture
2023-05-09 09:37:09,497 - INFO - Picture taken and saved as /home/it/busted_pictures/motion_picture_2023-05-09_09-37-08.jpg
2023-05-09 09:39:19,462 - INFO - Handler added to logger
2023-05-09 09:39:19,485 - INFO - testing stop signal...
2023-05-09 09:39:19,485 - INFO - stop signal file not found, motion detection started
2023-05-09 09:39:20,628 - INFO - motion detected !
2023-05-09 09:39:21,129 - INFO - preparing to take a picture
2023-05-09 09:39:21,499 - INFO - motion detected !
2023-05-09 09:39:22,001 - INFO - preparing to take a picture
2023-05-09 09:39:22,026 - INFO - Picture taken and saved as /home/it/busted_pictures/motion_picture_2023-05-09_09-39-19.jpg
2023-05-09 09:40:52,519 - INFO - Handler added to logger
2023-05-09 09:40:52,542 - INFO - testing stop signal...
2023-05-09 09:40:52,543 - INFO - stop signal file not found, motion detection started
2023-05-09 09:40:58,907 - INFO - motion detected !
2023-05-09 09:40:59,408 - INFO - preparing to take a picture
2023-05-09 09:40:59,575 - INFO - motion detected !
2023-05-09 09:41:00,076 - INFO - preparing to take a picture
2023-05-09 09:41:00,115 - INFO - Picture taken and saved as /home/it/busted_pictures/motion_picture_2023-05-09_09-40-59.jpg
2023-05-09 09:42:49,193 - INFO - Handler added to logger
2023-05-09 09:42:49,215 - INFO - testing stop signal...
2023-05-09 09:42:49,216 - INFO - stop signal file not found, motion detection started
2023-05-09 09:42:51,235 - INFO - motion detected !
2023-05-09 09:42:51,736 - INFO - preparing to take a picture
2023-05-09 09:42:52,231 - INFO - motion detected !
2023-05-09 09:42:52,732 - INFO - preparing to take a picture
2023-05-09 09:42:52,761 - INFO - Picture taken and saved as /home/it/busted_pictures/motion_picture_2023-05-09_09-42-52.jpg
2023-05-09 09:45:26,781 - INFO - Handler added to logger
2023-05-09 09:45:26,806 - INFO - testing stop signal...
2023-05-09 09:45:26,806 - INFO - stop signal file not found, motion detection started
2023-05-09 09:45:36,332 - INFO - motion detected !
2023-05-09 09:45:36,833 - INFO - preparing to take a picture
2023-05-09 09:45:36,840 - INFO - motion detected !
2023-05-09 09:45:37,341 - INFO - preparing to take a picture
2023-05-09 09:45:37,366 - INFO - Picture taken and saved as /home/it/busted_pictures/motion_picture_2023-05-09_09-45-36.jpg
2023-05-09 09:46:27,356 - INFO - Handler added to logger
2023-05-09 09:46:27,381 - INFO - testing stop signal...
2023-05-09 09:46:27,382 - INFO - stop signal file not found, motion detection started
2023-05-09 09:46:29,207 - INFO - motion detected !
2023-05-09 09:46:29,396 - INFO - motion detected !
2023-05-09 09:46:29,708 - INFO - preparing to take a picture
2023-05-09 09:46:29,897 - INFO - preparing to take a picture
2023-05-09 09:46:29,929 - INFO - Picture taken and saved as /home/it/busted_pictures/motion_picture_2023-05-09_09-46-27.jpg
2023-05-09 09:47:55,319 - INFO - Handler added to logger
2023-05-09 09:47:55,354 - INFO - testing stop signal...
2023-05-09 09:47:55,354 - INFO - stop signal file not found, motion detection started
2023-05-09 09:47:56,997 - INFO - motion detected !
2023-05-09 09:47:57,379 - INFO - motion detected !
2023-05-09 09:47:57,498 - INFO - preparing to take a picture
2023-05-09 09:47:57,880 - INFO - preparing to take a picture
2023-05-09 09:47:57,909 - INFO - Picture taken and saved as /home/it/busted_pictures/motion_picture_2023-05-09_09-47-55.jpg
2023-05-09 09:52:45,072 - INFO - Handler added to logger
2023-05-09 09:52:45,101 - INFO - testing stop signal...
2023-05-09 09:52:45,102 - INFO - stop signal file not found, motion detection started
2023-05-09 09:53:03,146 - INFO - Handler added to logger
2023-05-09 09:53:03,172 - INFO - testing stop signal...
2023-05-09 09:53:03,172 - INFO - stop signal file not found, motion detection started
2023-05-09 09:53:03,820 - INFO - motion detected !
2023-05-09 09:53:04,196 - INFO - motion detected !
2023-05-09 09:53:04,321 - INFO - preparing to take a picture
2023-05-09 09:53:04,697 - INFO - preparing to take a picture
2023-05-09 09:53:04,728 - INFO - Picture taken and saved as /home/it/busted_pictures/motion_picture_2023-05-09_09-53-04.jpg
2023-05-09 09:54:49,228 - INFO - Handler added to logger
2023-05-09 09:54:49,252 - INFO - testing stop signal...
2023-05-09 09:54:49,252 - INFO - stop signal file not found, motion detection started
2023-05-09 09:54:52,224 - INFO - motion detected !
2023-05-09 09:54:52,267 - INFO - motion detected !
2023-05-09 09:54:52,725 - INFO - preparing to take a picture
2023-05-09 09:54:52,770 - INFO - preparing to take a picture
2023-05-09 09:54:52,838 - INFO - Picture taken and saved as /home/it/busted_pictures/motion_picture_2023-05-09_09-54-52.jpg
2023-05-09 09:58:25,972 - INFO - Handler added to logger
2023-05-09 09:58:25,996 - INFO - testing stop signal...
2023-05-09 09:58:25,996 - INFO - stop signal file not found, motion detection started
2023-05-09 09:58:32,782 - INFO - motion detected !
2023-05-09 09:58:33,016 - INFO - motion detected !
2023-05-09 09:58:33,283 - INFO - preparing to take a picture
2023-05-09 09:58:33,517 - INFO - preparing to take a picture
2023-05-09 09:58:33,555 - INFO - Picture taken and saved as /home/it/busted_pictures/motion_picture_2023-05-09_09-58-33.jpg
2023-05-09 09:59:27,496 - INFO - Handler added to logger
2023-05-09 09:59:27,521 - INFO - testing stop signal...
2023-05-09 09:59:27,521 - INFO - stop signal file not found, motion detection started
2023-05-09 09:59:42,441 - INFO - motion detected !
2023-05-09 09:59:42,561 - INFO - motion detected !
2023-05-09 09:59:42,942 - INFO - preparing to take a picture
2023-05-09 09:59:43,062 - INFO - preparing to take a picture
2023-05-09 09:59:43,090 - INFO - Picture taken and saved as /home/it/busted_pictures/motion_picture_2023-05-09_09-59-43.jpg
2023-05-09 10:02:44,431 - INFO - Handler added to logger
2023-05-09 10:02:44,454 - INFO - testing stop signal...
2023-05-09 10:02:44,455 - INFO - stop signal file not found, motion detection started
2023-05-09 10:02:50,595 - INFO - motion detected !
2023-05-09 10:02:51,096 - INFO - preparing to take a picture
2023-05-09 10:02:51,482 - INFO - motion detected !
2023-05-09 10:02:51,983 - INFO - preparing to take a picture
2023-05-09 10:02:52,009 - INFO - Picture taken and saved as /home/it/busted_pictures/motion_picture_2023-05-09_10-02-51.jpg
2023-05-09 10:10:43,033 - INFO - Handler added to logger
2023-05-09 10:10:43,067 - INFO - testing stop signal...
2023-05-09 10:10:43,068 - INFO - stop signal file not found, motion detection started
2023-05-09 10:10:45,440 - INFO - motion detected !
2023-05-09 10:10:45,941 - INFO - preparing to take a picture
2023-05-09 10:10:46,085 - INFO - motion detected !
2023-05-09 10:10:46,586 - INFO - preparing to take a picture
2023-05-09 10:10:46,619 - ERROR - Error taking picture: Command '['raspistill', '-o', '/home/it/busted_pictures/motion_picture_2023-05-09_10-10-46.jpg']' returned non-zero exit status 70.
2023-05-09 10:10:46,620 - INFO - Picture taken and saved as /home/it/busted_pictures/motion_picture_2023-05-09_10-10-46.jpg
2023-05-09 10:12:03,222 - INFO - Handler added to logger
2023-05-09 10:12:03,245 - INFO - testing stop signal...
2023-05-09 10:12:03,245 - INFO - stop signal file not found, motion detection started
2023-05-09 10:12:08,186 - INFO - motion detected !
2023-05-09 10:12:08,262 - INFO - motion detected !
2023-05-09 10:12:08,687 - INFO - preparing to take a picture
2023-05-09 10:12:08,764 - INFO - preparing to take a picture
2023-05-09 10:12:08,796 - ERROR - Error taking picture: Command '['raspistill', '-o', '/home/it/busted_pictures/motion_picture_2023-05-09_10-12-08.jpg']' returned non-zero exit status 70.
2023-05-09 10:12:08,798 - INFO - Picture taken and saved as /home/it/busted_pictures/motion_picture_2023-05-09_10-12-08.jpg
2023-05-09 10:15:53,265 - INFO - Handler added to logger
2023-05-09 10:15:53,289 - INFO - testing stop signal...
2023-05-09 10:15:53,289 - INFO - stop signal file not found, motion detection started
2023-05-09 10:15:56,818 - INFO - motion detected !
2023-05-09 10:15:57,306 - INFO - motion detected !
2023-05-09 10:15:57,319 - INFO - preparing to take a picture
2023-05-09 10:15:57,807 - INFO - preparing to take a picture
2023-05-09 10:15:57,848 - ERROR - Error taking picture: Command '['raspistill', '-o', '/home/it/busted_pictures/motion_picture_2023-05-09_10-15-57.jpg']' returned non-zero exit status 70.
2023-05-09 10:15:57,849 - INFO - Picture taken and saved as /home/it/busted_pictures/motion_picture_2023-05-09_10-15-57.jpg
2023-05-09 10:16:48,193 - INFO - Handler added to logger
2023-05-09 10:16:48,220 - INFO - testing stop signal...
2023-05-09 10:16:48,220 - INFO - stop signal file not found, motion detection started
2023-05-09 10:16:48,906 - INFO - motion detected !
2023-05-09 10:16:49,233 - INFO - motion detected !
2023-05-09 10:16:49,407 - INFO - preparing to take a picture
2023-05-09 10:16:49,734 - INFO - preparing to take a picture
2023-05-09 10:16:49,765 - ERROR - Error taking picture: Command '['raspistill', '-o', '/home/it/busted_pictures/motion_picture_2023-05-09_10-16-49.jpg']' returned non-zero exit status 70.
2023-05-09 10:16:49,766 - INFO - Picture taken and saved as /home/it/busted_pictures/motion_picture_2023-05-09_10-16-49.jpg
2023-05-09 10:16:55,081 - INFO - Picture taken and saved as /home/it/busted_pictures/motion_picture_2023-05-09_10-16-49.jpg
2023-05-09 10:16:55,082 - INFO - Picture taken and saved as /home/it/busted_pictures/motion_picture_2023-05-09_10-16-49.jpg
2023-05-09 10:17:05,129 - INFO - motion detected !
2023-05-09 10:17:05,630 - INFO - preparing to take a picture
2023-05-09 10:17:05,847 - INFO - motion detected !
2023-05-09 10:17:06,349 - INFO - preparing to take a picture
2023-05-09 10:17:06,375 - ERROR - Error taking picture: Command '['raspistill', '-o', '/home/it/busted_pictures/motion_picture_2023-05-09_10-17-06.jpg']' returned non-zero exit status 70.
2023-05-09 10:17:06,375 - INFO - Picture taken and saved as /home/it/busted_pictures/motion_picture_2023-05-09_10-17-06.jpg
2023-05-09 10:17:11,301 - INFO - Picture taken and saved as /home/it/busted_pictures/motion_picture_2023-05-09_10-17-05.jpg
2023-05-09 10:17:11,302 - INFO - Picture taken and saved as /home/it/busted_pictures/motion_picture_2023-05-09_10-17-05.jpg
2023-05-09 10:17:40,788 - INFO - Handler added to logger
2023-05-09 10:17:40,811 - INFO - testing stop signal...
2023-05-09 10:17:40,811 - INFO - stop signal file not found, motion detection started
2023-05-09 10:17:44,594 - INFO - motion detected !
2023-05-09 10:17:44,826 - INFO - motion detected !
2023-05-09 10:17:45,095 - INFO - preparing to take a picture
2023-05-09 10:17:45,327 - INFO - preparing to take a picture
2023-05-09 10:17:45,360 - ERROR - Error taking picture: Command '['raspistill', '-o', '/home/it/busted_pictures/motion_picture_2023-05-09_10-17-45.jpg']' returned non-zero exit status 70.
2023-05-09 10:17:45,361 - INFO - Picture taken and saved as /home/it/busted_pictures/motion_picture_2023-05-09_10-17-45.jpg
2023-05-09 10:17:50,766 - INFO - Picture taken and saved as /home/it/busted_pictures/motion_picture_2023-05-09_10-17-45.jpg
2023-05-09 10:17:50,766 - INFO - Picture taken and saved as /home/it/busted_pictures/motion_picture_2023-05-09_10-17-45.jpg
2023-05-09 10:18:25,328 - INFO - motion detected !
2023-05-09 10:18:25,452 - INFO - motion detected !
2023-05-09 10:18:25,829 - INFO - preparing to take a picture
2023-05-09 10:18:25,953 - INFO - preparing to take a picture
2023-05-09 10:18:25,994 - ERROR - Error taking picture: Command '['raspistill', '-o', '/home/it/busted_pictures/motion_picture_2023-05-09_10-18-25.jpg']' returned non-zero exit status 70.
2023-05-09 10:18:25,995 - INFO - Picture taken and saved as /home/it/busted_pictures/motion_picture_2023-05-09_10-18-25.jpg
2023-05-09 10:18:31,549 - INFO - Picture taken and saved as /home/it/busted_pictures/motion_picture_2023-05-09_10-18-25.jpg
2023-05-09 10:18:31,550 - INFO - Picture taken and saved as /home/it/busted_pictures/motion_picture_2023-05-09_10-18-25.jpg
2023-05-09 10:18:40,877 - INFO - motion detected !
2023-05-09 10:18:41,049 - INFO - motion detected !
2023-05-09 10:18:41,379 - INFO - preparing to take a picture
2023-05-09 10:18:41,550 - INFO - preparing to take a picture
2023-05-09 10:18:41,610 - ERROR - Error taking picture: Command '['raspistill', '-o', '/home/it/busted_pictures/motion_picture_2023-05-09_10-18-41.jpg']' returned non-zero exit status 70.
2023-05-09 10:18:41,611 - INFO - Picture taken and saved as /home/it/busted_pictures/motion_picture_2023-05-09_10-18-41.jpg
2023-05-09 10:18:47,186 - INFO - Picture taken and saved as /home/it/busted_pictures/motion_picture_2023-05-09_10-18-41.jpg
2023-05-09 10:18:47,187 - INFO - Picture taken and saved as /home/it/busted_pictures/motion_picture_2023-05-09_10-18-41.jpg
2023-05-09 10:18:51,178 - INFO - Motion detection stopped
2023-05-09 10:20:33,142 - INFO - Handler added to logger
2023-05-09 10:20:33,164 - INFO - testing stop signal...
2023-05-09 10:20:33,165 - INFO - stop signal file not found, motion detection started
2023-05-09 10:20:55,561 - INFO - motion detected !
2023-05-09 10:20:56,062 - INFO - preparing to take a picture
2023-05-09 10:20:56,204 - INFO - motion detected !
2023-05-09 10:20:56,705 - INFO - preparing to take a picture
2023-05-09 10:20:56,731 - ERROR - Error taking picture: Command '['raspistill', '-o', '/home/it/busted_pictures/motion_picture_2023-05-09_10-20-56.jpg']' returned non-zero exit status 70.
2023-05-09 10:20:56,732 - INFO - Picture taken and saved as /home/it/busted_pictures/motion_picture_2023-05-09_10-20-56.jpg
2023-05-09 10:25:01,979 - INFO - Handler added to logger
2023-05-09 10:25:02,006 - INFO - testing stop signal...
2023-05-09 10:25:02,007 - INFO - stop signal file not found, motion detection started
2023-05-09 10:25:03,741 - INFO - motion detected !
2023-05-09 10:25:04,042 - INFO - motion detected !
2023-05-09 10:25:04,242 - INFO - preparing to take a picture
2023-05-09 10:25:04,543 - INFO - preparing to take a picture
2023-05-09 10:25:04,574 - ERROR - Error taking picture: Command '['raspistill', '-o', '/home/it/busted_pictures/motion_picture_2023-05-09_10-25-04.jpg']' returned non-zero exit status 70.
2023-05-09 10:25:04,575 - INFO - Picture taken and saved as /home/it/busted_pictures/motion_picture_2023-05-09_10-25-04.jpg
2023-05-09 10:25:09,909 - INFO - Picture taken and saved as /home/it/busted_pictures/motion_picture_2023-05-09_10-25-04.jpg
2023-05-09 10:25:09,909 - INFO - Picture taken and saved as /home/it/busted_pictures/motion_picture_2023-05-09_10-25-04.jpg
2023-05-09 10:25:20,555 - INFO - motion detected !
2023-05-09 10:25:20,592 - INFO - motion detected !
2023-05-09 10:25:21,056 - INFO - preparing to take a picture
2023-05-09 10:25:21,093 - INFO - preparing to take a picture
2023-05-09 10:25:21,167 - ERROR - Error taking picture: Command '['raspistill', '-o', '/home/it/busted_pictures/motion_picture_2023-05-09_10-25-21.jpg']' returned non-zero exit status 70.
2023-05-09 10:25:21,168 - INFO - Picture taken and saved as /home/it/busted_pictures/motion_picture_2023-05-09_10-25-21.jpg
2023-05-09 10:25:26,730 - INFO - Picture taken and saved as /home/it/busted_pictures/motion_picture_2023-05-09_10-25-21.jpg
2023-05-09 10:25:26,731 - INFO - Picture taken and saved as /home/it/busted_pictures/motion_picture_2023-05-09_10-25-21.jpg
2023-05-09 10:25:30,179 - INFO - testing stop signal...
2023-05-09 10:25:30,179 - INFO - Stop signal file detected, motion detection stopped
2023-05-09 10:25:37,188 - INFO - Stop signal file deleted, resuming process
2023-05-09 10:25:37,220 - INFO - testing stop signal...
2023-05-09 10:25:37,221 - INFO - stop signal file not found, motion detection started
2023-05-09 10:25:40,223 - INFO - motion detected !
2023-05-09 10:25:40,247 - INFO - motion detected !
2023-05-09 10:25:40,724 - INFO - preparing to take a picture
2023-05-09 10:25:40,748 - INFO - preparing to take a picture
2023-05-09 10:25:40,831 - ERROR - Error taking picture: Command '['raspistill', '-o', '/home/it/busted_pictures/motion_picture_2023-05-09_10-25-40.jpg']' returned non-zero exit status 70.
2023-05-09 10:25:40,831 - INFO - Picture taken and saved as /home/it/busted_pictures/motion_picture_2023-05-09_10-25-40.jpg
2023-05-09 10:25:46,394 - INFO - Picture taken and saved as /home/it/busted_pictures/motion_picture_2023-05-09_10-25-40.jpg
2023-05-09 10:25:46,394 - INFO - Picture taken and saved as /home/it/busted_pictures/motion_picture_2023-05-09_10-25-40.jpg
2023-05-09 10:25:47,840 - INFO - testing stop signal...
2023-05-09 10:25:47,840 - INFO - Stop signal file detected, motion detection stopped
2023-05-09 10:26:01,927 - INFO - Motion detection stopped
2023-05-09 10:57:00,470 - INFO - Handler added to logger
2023-05-09 10:57:00,503 - INFO - testing stop signal...
2023-05-09 10:57:00,504 - INFO - Stop signal file detected, motion detection stopped
2023-05-09 10:58:00,444 - INFO - Handler added to logger
2023-05-09 10:58:00,492 - INFO - testing stop signal...
2023-05-09 10:58:00,494 - INFO - Stop signal file detected, motion detection stopped
2023-05-09 10:58:30,531 - INFO - Stop signal file deleted, resuming process
2023-05-09 10:58:30,563 - INFO - testing stop signal...
2023-05-09 10:58:30,564 - INFO - stop signal file not found, motion detection started
2023-05-09 10:58:37,945 - INFO - motion detected !
2023-05-09 10:58:38,447 - INFO - preparing to take a picture
2023-05-09 10:58:38,605 - INFO - motion detected !
2023-05-09 10:58:39,106 - INFO - preparing to take a picture
2023-05-09 10:58:39,140 - ERROR - Error taking picture: Command '['raspistill', '-o', '/home/it/busted_pictures/motion_picture_2023-05-09_10-58-39.jpg']' returned non-zero exit status 70.
2023-05-09 10:58:39,142 - INFO - Picture taken and saved as /home/it/busted_pictures/motion_picture_2023-05-09_10-58-39.jpg
2023-05-09 10:58:44,123 - INFO - Picture taken and saved as /home/it/busted_pictures/motion_picture_2023-05-09_10-58-38.jpg
2023-05-09 10:58:44,123 - INFO - Picture taken and saved as /home/it/busted_pictures/motion_picture_2023-05-09_10-58-38.jpg
2023-05-09 10:58:46,151 - INFO - testing stop signal...
2023-05-09 10:58:46,151 - INFO - Stop signal file detected, motion detection stopped
2023-05-09 15:05:41,591 - INFO - Handler added to logger
2023-05-09 15:05:41,625 - INFO - testing stop signal...
2023-05-09 15:05:41,626 - INFO - Stop signal file detected, motion detection stopped
2023-05-09 17:37:12,659 - INFO - Handler added to logger
2023-05-09 17:37:12,707 - INFO - testing stop signal...
2023-05-09 17:37:12,707 - INFO - Stop signal file detected, motion detection stopped
2023-05-09 17:38:52,285 - INFO - Handler added to logger
2023-05-09 17:38:52,316 - INFO - testing stop signal...
2023-05-09 17:38:52,317 - INFO - Stop signal file detected, motion detection stopped
2023-05-09 17:59:53,107 - INFO - Handler added to logger
2023-05-09 17:59:53,147 - INFO - testing stop signal...
2023-05-09 17:59:53,148 - INFO - Stop signal file detected, motion detection stopped
2023-05-09 18:14:26,413 - INFO - Handler added to logger
2023-05-09 18:14:26,463 - INFO - testing stop signal...
2023-05-09 18:14:26,464 - INFO - Stop signal file detected, motion detection stopped
2023-05-09 18:23:28,757 - INFO - Handler added to logger
2023-05-09 18:23:28,781 - INFO - testing stop signal...
2023-05-09 18:23:28,782 - INFO - Stop signal file detected, motion detection stopped
2023-05-09 18:36:06,415 - INFO - Handler added to logger
2023-05-09 18:36:06,451 - INFO - testing stop signal...
2023-05-09 18:36:06,451 - INFO - Stop signal file detected, motion detection stopped
2023-05-09 18:37:43,906 - INFO - Handler added to logger
2023-05-09 18:37:43,935 - INFO - testing stop signal...
2023-05-09 18:37:43,935 - INFO - Stop signal file detected, motion detection stopped
2023-05-10 13:50:43,200 - INFO - Handler added to logger
2023-05-10 13:50:43,305 - INFO - testing stop signal...
2023-05-10 13:50:43,306 - INFO - Stop signal file detected, motion detection stopped
2023-05-10 13:53:40,496 - INFO - Stop signal file deleted, resuming process
2023-05-10 13:53:41,640 - INFO - testing stop signal...
2023-05-10 13:53:41,641 - INFO - Stop signal file detected, motion detection stopped
2023-05-10 13:53:43,644 - INFO - Stop signal file deleted, resuming process
2023-05-10 13:53:43,656 - INFO - testing stop signal...
2023-05-10 13:53:43,657 - INFO - stop signal file not found, motion detection started
2023-05-10 13:53:44,243 - INFO - motion detected !
2023-05-10 13:53:44,669 - INFO - motion detected !
2023-05-10 13:53:44,744 - INFO - preparing to take a picture
2023-05-10 13:53:44,798 - ERROR - Error taking picture: Command '['raspistill', '-o', '/home/it/media/busted_pictures/motion_picture_2023-05-10_13-53-44.jpg']' returned non-zero exit status 70.
2023-05-10 13:53:44,800 - INFO - Picture taken and saved as /home/it/media/busted_pictures/motion_picture_2023-05-10_13-53-44.jpg
2023-05-10 13:53:45,170 - INFO - preparing to take a picture
2023-05-10 13:53:45,206 - ERROR - Error taking picture: Command '['raspistill', '-o', '/home/it/media/busted_pictures/motion_picture_2023-05-10_13-53-45.jpg']' returned non-zero exit status 70.
2023-05-10 13:53:45,206 - INFO - Picture taken and saved as /home/it/media/busted_pictures/motion_picture_2023-05-10_13-53-45.jpg
2023-05-10 13:53:52,711 - INFO - motion detected !
2023-05-10 13:53:53,212 - INFO - preparing to take a picture
2023-05-10 13:53:53,217 - INFO - motion detected !
2023-05-10 13:53:53,244 - ERROR - Error taking picture: Command '['raspistill', '-o', '/home/it/media/busted_pictures/motion_picture_2023-05-10_13-53-53.jpg']' returned non-zero exit status 70.
2023-05-10 13:53:53,245 - INFO - Picture taken and saved as /home/it/media/busted_pictures/motion_picture_2023-05-10_13-53-53.jpg
2023-05-10 13:53:53,719 - INFO - preparing to take a picture
2023-05-10 13:53:53,791 - ERROR - Error taking picture: Command '['raspistill', '-o', '/home/it/media/busted_pictures/motion_picture_2023-05-10_13-53-53.jpg']' returned non-zero exit status 70.
2023-05-10 13:53:53,792 - INFO - Picture taken and saved as /home/it/media/busted_pictures/motion_picture_2023-05-10_13-53-53.jpg
2023-05-10 13:54:03,010 - INFO - motion detected !
2023-05-10 13:54:03,512 - INFO - preparing to take a picture
2023-05-10 13:54:03,571 - ERROR - Error taking picture: Command '['raspistill', '-o', '/home/it/media/busted_pictures/motion_picture_2023-05-10_13-54-03.jpg']' returned non-zero exit status 70.
2023-05-10 13:54:03,572 - INFO - Picture taken and saved as /home/it/media/busted_pictures/motion_picture_2023-05-10_13-54-03.jpg
2023-05-10 13:54:03,804 - INFO - motion detected !
2023-05-10 13:54:04,305 - INFO - preparing to take a picture
2023-05-10 13:54:04,460 - ERROR - Error taking picture: Command '['raspistill', '-o', '/home/it/media/busted_pictures/motion_picture_2023-05-10_13-54-04.jpg']' returned non-zero exit status 70.
2023-05-10 13:54:04,461 - INFO - Picture taken and saved as /home/it/media/busted_pictures/motion_picture_2023-05-10_13-54-04.jpg
2023-05-10 13:54:11,453 - INFO - motion detected !
2023-05-10 13:54:11,470 - INFO - motion detected !
2023-05-10 13:54:11,954 - INFO - preparing to take a picture
2023-05-10 13:54:11,971 - INFO - preparing to take a picture
2023-05-10 13:54:11,986 - ERROR - Error taking picture: Command '['raspistill', '-o', '/home/it/media/busted_pictures/motion_picture_2023-05-10_13-54-11.jpg']' returned non-zero exit status 70.
2023-05-10 13:54:11,987 - INFO - Picture taken and saved as /home/it/media/busted_pictures/motion_picture_2023-05-10_13-54-11.jpg
2023-05-10 13:54:12,003 - ERROR - Error taking picture: Command '['raspistill', '-o', '/home/it/media/busted_pictures/motion_picture_2023-05-10_13-54-11.jpg']' returned non-zero exit status 70.
2023-05-10 13:54:12,004 - INFO - Picture taken and saved as /home/it/media/busted_pictures/motion_picture_2023-05-10_13-54-11.jpg
2023-05-10 13:54:19,733 - INFO - motion detected !
2023-05-10 13:54:20,014 - INFO - motion detected !
2023-05-10 13:54:20,234 - INFO - preparing to take a picture
2023-05-10 13:54:20,272 - ERROR - Error taking picture: Command '['raspistill', '-o', '/home/it/media/busted_pictures/motion_picture_2023-05-10_13-54-20.jpg']' returned non-zero exit status 70.
2023-05-10 13:54:20,273 - INFO - Picture taken and saved as /home/it/media/busted_pictures/motion_picture_2023-05-10_13-54-20.jpg
2023-05-10 13:54:20,515 - INFO - preparing to take a picture
2023-05-10 13:54:20,551 - ERROR - Error taking picture: Command '['raspistill', '-o', '/home/it/media/busted_pictures/motion_picture_2023-05-10_13-54-20.jpg']' returned non-zero exit status 70.
2023-05-10 13:54:20,587 - INFO - Picture taken and saved as /home/it/media/busted_pictures/motion_picture_2023-05-10_13-54-20.jpg
2023-05-10 13:55:02,447 - INFO - motion detected !
2023-05-10 13:55:02,634 - INFO - motion detected !
2023-05-10 13:55:02,952 - INFO - preparing to take a picture
2023-05-10 13:55:03,003 - ERROR - Error taking picture: Command '['raspistill', '-o', '/home/it/media/busted_pictures/motion_picture_2023-05-10_13-55-02.jpg']' returned non-zero exit status 70.
2023-05-10 13:55:03,003 - INFO - Picture taken and saved as /home/it/media/busted_pictures/motion_picture_2023-05-10_13-55-02.jpg
2023-05-10 13:55:03,135 - INFO - preparing to take a picture
2023-05-10 13:55:03,164 - ERROR - Error taking picture: Command '['raspistill', '-o', '/home/it/media/busted_pictures/motion_picture_2023-05-10_13-55-03.jpg']' returned non-zero exit status 70.
2023-05-10 13:55:03,165 - INFO - Picture taken and saved as /home/it/media/busted_pictures/motion_picture_2023-05-10_13-55-03.jpg
2023-05-10 13:55:11,055 - INFO - motion detected !
2023-05-10 13:55:11,174 - INFO - motion detected !
2023-05-10 13:55:11,556 - INFO - preparing to take a picture
2023-05-10 13:55:11,592 - ERROR - Error taking picture: Command '['raspistill', '-o', '/home/it/media/busted_pictures/motion_picture_2023-05-10_13-55-11.jpg']' returned non-zero exit status 70.
2023-05-10 13:55:11,592 - INFO - Picture taken and saved as /home/it/media/busted_pictures/motion_picture_2023-05-10_13-55-11.jpg
2023-05-10 13:55:11,675 - INFO - preparing to take a picture
2023-05-10 13:55:11,704 - ERROR - Error taking picture: Command '['raspistill', '-o', '/home/it/media/busted_pictures/motion_picture_2023-05-10_13-55-11.jpg']' returned non-zero exit status 70.
2023-05-10 13:55:11,704 - INFO - Picture taken and saved as /home/it/media/busted_pictures/motion_picture_2023-05-10_13-55-11.jpg
2023-05-10 13:55:19,936 - INFO - motion detected !
2023-05-10 13:55:20,438 - INFO - preparing to take a picture
2023-05-10 13:55:20,478 - ERROR - Error taking picture: Command '['raspistill', '-o', '/home/it/media/busted_pictures/motion_picture_2023-05-10_13-55-20.jpg']' returned non-zero exit status 70.
2023-05-10 13:55:20,479 - INFO - Picture taken and saved as /home/it/media/busted_pictures/motion_picture_2023-05-10_13-55-20.jpg
2023-05-10 13:55:20,716 - INFO - motion detected !
2023-05-10 13:55:21,217 - INFO - preparing to take a picture
2023-05-10 13:55:21,252 - ERROR - Error taking picture: Command '['raspistill', '-o', '/home/it/media/busted_pictures/motion_picture_2023-05-10_13-55-21.jpg']' returned non-zero exit status 70.
2023-05-10 13:55:21,253 - INFO - Picture taken and saved as /home/it/media/busted_pictures/motion_picture_2023-05-10_13-55-21.jpg
2023-05-10 14:05:48,323 - INFO - motion detected !
2023-05-10 14:05:48,824 - INFO - preparing to take a picture
2023-05-10 14:05:48,860 - ERROR - Error taking picture: Command '['raspistill', '-o', '/home/it/media/busted_pictures/motion_picture_2023-05-10_14-05-48.jpg']' returned non-zero exit status 70.
2023-05-10 14:05:48,861 - INFO - Picture taken and saved as /home/it/media/busted_pictures/motion_picture_2023-05-10_14-05-48.jpg
2023-05-10 14:05:48,951 - INFO - motion detected !
2023-05-10 14:05:49,452 - INFO - preparing to take a picture
2023-05-10 14:05:49,481 - ERROR - Error taking picture: Command '['raspistill', '-o', '/home/it/media/busted_pictures/motion_picture_2023-05-10_14-05-49.jpg']' returned non-zero exit status 70.
2023-05-10 14:05:49,481 - INFO - Picture taken and saved as /home/it/media/busted_pictures/motion_picture_2023-05-10_14-05-49.jpg
2023-05-10 14:05:58,401 - INFO - motion detected !
2023-05-10 14:05:58,492 - INFO - motion detected !
2023-05-10 14:05:58,902 - INFO - preparing to take a picture
2023-05-10 14:05:58,932 - ERROR - Error taking picture: Command '['raspistill', '-o', '/home/it/media/busted_pictures/motion_picture_2023-05-10_14-05-58.jpg']' returned non-zero exit status 70.
2023-05-10 14:05:58,933 - INFO - Picture taken and saved as /home/it/media/busted_pictures/motion_picture_2023-05-10_14-05-58.jpg
2023-05-10 14:05:58,993 - INFO - preparing to take a picture
2023-05-10 14:05:59,027 - ERROR - Error taking picture: Command '['raspistill', '-o', '/home/it/media/busted_pictures/motion_picture_2023-05-10_14-05-58.jpg']' returned non-zero exit status 70.
2023-05-10 14:05:59,028 - INFO - Picture taken and saved as /home/it/media/busted_pictures/motion_picture_2023-05-10_14-05-58.jpg
2023-05-10 14:06:07,552 - INFO - motion detected !
2023-05-10 14:06:08,038 - INFO - motion detected !
2023-05-10 14:06:08,054 - INFO - preparing to take a picture
2023-05-10 14:06:08,081 - ERROR - Error taking picture: Command '['raspistill', '-o', '/home/it/media/busted_pictures/motion_picture_2023-05-10_14-06-08.jpg']' returned non-zero exit status 70.
2023-05-10 14:06:08,082 - INFO - Picture taken and saved as /home/it/media/busted_pictures/motion_picture_2023-05-10_14-06-08.jpg
2023-05-10 14:06:08,540 - INFO - preparing to take a picture
2023-05-10 14:06:08,575 - ERROR - Error taking picture: Command '['raspistill', '-o', '/home/it/media/busted_pictures/motion_picture_2023-05-10_14-06-08.jpg']' returned non-zero exit status 70.
2023-05-10 14:06:08,576 - INFO - Picture taken and saved as /home/it/media/busted_pictures/motion_picture_2023-05-10_14-06-08.jpg
2023-05-10 14:06:16,584 - INFO - motion detected !
2023-05-10 14:06:16,585 - INFO - motion detected !
2023-05-10 14:06:17,085 - INFO - preparing to take a picture
2023-05-10 14:06:17,086 - INFO - preparing to take a picture
2023-05-10 14:06:17,123 - ERROR - Error taking picture: Command '['raspistill', '-o', '/home/it/media/busted_pictures/motion_picture_2023-05-10_14-06-17.jpg']' returned non-zero exit status 70.
2023-05-10 14:06:17,124 - INFO - Picture taken and saved as /home/it/media/busted_pictures/motion_picture_2023-05-10_14-06-17.jpg
2023-05-10 14:06:17,127 - ERROR - Error taking picture: Command '['raspistill', '-o', '/home/it/media/busted_pictures/motion_picture_2023-05-10_14-06-17.jpg']' returned non-zero exit status 70.
2023-05-10 14:06:17,127 - INFO - Picture taken and saved as /home/it/media/busted_pictures/motion_picture_2023-05-10_14-06-17.jpg
2023-05-10 14:06:27,139 - INFO - testing stop signal...
2023-05-10 14:06:27,141 - INFO - Stop signal file detected, motion detection stopped
2023-05-10 14:06:56,172 - INFO - Stop signal file deleted, resuming process
2023-05-10 14:06:56,205 - INFO - testing stop signal...
2023-05-10 14:06:56,205 - INFO - stop signal file not found, motion detection started
2023-05-10 14:07:00,342 - INFO - motion detected !
2023-05-10 14:07:00,843 - INFO - preparing to take a picture
2023-05-10 14:07:00,879 - ERROR - Error taking picture: Command '['raspistill', '-o', '/home/it/media/busted_pictures/motion_picture_2023-05-10_14-07-00.jpg']' returned non-zero exit status 70.
2023-05-10 14:07:00,879 - INFO - Picture taken and saved as /home/it/media/busted_pictures/motion_picture_2023-05-10_14-07-00.jpg
2023-05-10 14:07:01,233 - INFO - motion detected !
2023-05-10 14:07:01,734 - INFO - preparing to take a picture
2023-05-10 14:07:01,766 - ERROR - Error taking picture: Command '['raspistill', '-o', '/home/it/media/busted_pictures/motion_picture_2023-05-10_14-07-01.jpg']' returned non-zero exit status 70.
2023-05-10 14:07:01,767 - INFO - Picture taken and saved as /home/it/media/busted_pictures/motion_picture_2023-05-10_14-07-01.jpg
2023-05-10 14:07:08,922 - INFO - motion detected !
2023-05-10 14:07:09,423 - INFO - preparing to take a picture
2023-05-10 14:07:09,449 - ERROR - Error taking picture: Command '['raspistill', '-o', '/home/it/media/busted_pictures/motion_picture_2023-05-10_14-07-09.jpg']' returned non-zero exit status 70.
2023-05-10 14:07:09,450 - INFO - Picture taken and saved as /home/it/media/busted_pictures/motion_picture_2023-05-10_14-07-09.jpg
2023-05-10 14:07:09,776 - INFO - motion detected !
2023-05-10 14:07:10,277 - INFO - preparing to take a picture
2023-05-10 14:07:10,306 - ERROR - Error taking picture: Command '['raspistill', '-o', '/home/it/media/busted_pictures/motion_picture_2023-05-10_14-07-10.jpg']' returned non-zero exit status 70.
2023-05-10 14:07:10,306 - INFO - Picture taken and saved as /home/it/media/busted_pictures/motion_picture_2023-05-10_14-07-10.jpg
2023-05-10 14:07:17,923 - INFO - motion detected !
2023-05-10 14:07:18,317 - INFO - motion detected !
2023-05-10 14:07:18,425 - INFO - preparing to take a picture
2023-05-10 14:07:18,489 - ERROR - Error taking picture: Command '['raspistill', '-o', '/home/it/media/busted_pictures/motion_picture_2023-05-10_14-07-18.jpg']' returned non-zero exit status 70.
2023-05-10 14:07:18,490 - INFO - Picture taken and saved as /home/it/media/busted_pictures/motion_picture_2023-05-10_14-07-18.jpg
2023-05-10 14:07:18,818 - INFO - preparing to take a picture
2023-05-10 14:07:18,850 - ERROR - Error taking picture: Command '['raspistill', '-o', '/home/it/media/busted_pictures/motion_picture_2023-05-10_14-07-18.jpg']' returned non-zero exit status 70.
2023-05-10 14:07:18,851 - INFO - Picture taken and saved as /home/it/media/busted_pictures/motion_picture_2023-05-10_14-07-18.jpg
2023-05-10 14:07:26,592 - INFO - motion detected !
2023-05-10 14:07:26,859 - INFO - motion detected !
2023-05-10 14:07:27,093 - INFO - preparing to take a picture
2023-05-10 14:07:27,137 - ERROR - Error taking picture: Command '['raspistill', '-o', '/home/it/media/busted_pictures/motion_picture_2023-05-10_14-07-27.jpg']' returned non-zero exit status 70.
2023-05-10 14:07:27,138 - INFO - Picture taken and saved as /home/it/media/busted_pictures/motion_picture_2023-05-10_14-07-27.jpg
2023-05-10 14:07:27,361 - INFO - preparing to take a picture
2023-05-10 14:07:27,417 - ERROR - Error taking picture: Command '['raspistill', '-o', '/home/it/media/busted_pictures/motion_picture_2023-05-10_14-07-27.jpg']' returned non-zero exit status 70.
2023-05-10 14:07:27,418 - INFO - Picture taken and saved as /home/it/media/busted_pictures/motion_picture_2023-05-10_14-07-27.jpg
2023-05-10 14:07:57,457 - INFO - motion detected !
2023-05-10 14:07:57,958 - INFO - preparing to take a picture
2023-05-10 14:07:57,989 - ERROR - Error taking picture: Command '['raspistill', '-o', '/home/it/media/busted_pictures/motion_picture_2023-05-10_14-07-57.jpg']' returned non-zero exit status 70.
2023-05-10 14:07:57,990 - INFO - Picture taken and saved as /home/it/media/busted_pictures/motion_picture_2023-05-10_14-07-57.jpg
2023-05-10 14:07:58,453 - INFO - motion detected !
2023-05-10 14:07:58,954 - INFO - preparing to take a picture
2023-05-10 14:07:58,986 - ERROR - Error taking picture: Command '['raspistill', '-o', '/home/it/media/busted_pictures/motion_picture_2023-05-10_14-07-58.jpg']' returned non-zero exit status 70.
2023-05-10 14:07:58,987 - INFO - Picture taken and saved as /home/it/media/busted_pictures/motion_picture_2023-05-10_14-07-58.jpg
2023-05-10 14:08:14,321 - INFO - Handler added to logger
2023-05-10 14:08:14,325 - INFO - testing stop signal...
2023-05-10 14:08:14,326 - INFO - stop signal file not found, motion detection started
2023-05-10 14:08:25,604 - INFO - motion detected !
2023-05-10 14:08:26,106 - INFO - preparing to take a picture
2023-05-10 14:08:26,361 - INFO - motion detected !
2023-05-10 14:08:26,862 - INFO - preparing to take a picture
2023-05-10 14:08:26,930 - ERROR - Error taking picture: Command '['raspistill', '-o', '/home/it/media/busted_pictures/motion_picture_2023-05-10_14-08-26.jpg']' returned non-zero exit status 70.
2023-05-10 14:08:26,931 - INFO - Picture taken and saved as /home/it/media/busted_pictures/motion_picture_2023-05-10_14-08-26.jpg
2023-05-10 14:08:31,742 - INFO - Picture taken and saved as /home/it/media/busted_pictures/motion_picture_2023-05-10_14-08-26.jpg
2023-05-10 14:08:31,742 - INFO - Picture taken and saved as /home/it/media/busted_pictures/motion_picture_2023-05-10_14-08-26.jpg
2023-05-10 14:08:39,777 - INFO - motion detected !
2023-05-10 14:08:39,947 - INFO - motion detected !
2023-05-10 14:08:40,278 - INFO - preparing to take a picture
2023-05-10 14:08:40,448 - INFO - preparing to take a picture
2023-05-10 14:08:40,481 - ERROR - Error taking picture: Command '['raspistill', '-o', '/home/it/media/busted_pictures/motion_picture_2023-05-10_14-08-40.jpg']' returned non-zero exit status 70.
2023-05-10 14:08:40,482 - INFO - Picture taken and saved as /home/it/media/busted_pictures/motion_picture_2023-05-10_14-08-40.jpg
2023-05-10 14:08:45,914 - INFO - Picture taken and saved as /home/it/media/busted_pictures/motion_picture_2023-05-10_14-08-40.jpg
2023-05-10 14:08:45,915 - INFO - Picture taken and saved as /home/it/media/busted_pictures/motion_picture_2023-05-10_14-08-40.jpg
2023-05-10 14:08:49,246 - INFO - motion detected !
2023-05-10 14:08:49,492 - INFO - motion detected !
2023-05-10 14:08:49,747 - INFO - preparing to take a picture
2023-05-10 14:08:49,993 - INFO - preparing to take a picture
2023-05-10 14:08:50,021 - ERROR - Error taking picture: Command '['raspistill', '-o', '/home/it/media/busted_pictures/motion_picture_2023-05-10_14-08-49.jpg']' returned non-zero exit status 70.
2023-05-10 14:08:50,022 - INFO - Picture taken and saved as /home/it/media/busted_pictures/motion_picture_2023-05-10_14-08-49.jpg
2023-05-10 14:08:55,413 - INFO - Picture taken and saved as /home/it/media/busted_pictures/motion_picture_2023-05-10_14-08-49.jpg
2023-05-10 14:08:55,413 - INFO - Picture taken and saved as /home/it/media/busted_pictures/motion_picture_2023-05-10_14-08-49.jpg
2023-05-10 14:08:58,687 - INFO - motion detected !
2023-05-10 14:08:59,032 - INFO - motion detected !
2023-05-10 14:08:59,188 - INFO - preparing to take a picture
2023-05-10 14:08:59,533 - INFO - preparing to take a picture
2023-05-10 14:08:59,565 - ERROR - Error taking picture: Command '['raspistill', '-o', '/home/it/media/busted_pictures/motion_picture_2023-05-10_14-08-59.jpg']' returned non-zero exit status 70.
2023-05-10 14:08:59,566 - INFO - Picture taken and saved as /home/it/media/busted_pictures/motion_picture_2023-05-10_14-08-59.jpg
2023-05-10 14:09:04,849 - INFO - Picture taken and saved as /home/it/media/busted_pictures/motion_picture_2023-05-10_14-08-59.jpg
2023-05-10 14:09:04,849 - INFO - Picture taken and saved as /home/it/media/busted_pictures/motion_picture_2023-05-10_14-08-59.jpg
2023-05-10 14:09:07,516 - INFO - motion detected !
2023-05-10 14:09:07,575 - INFO - motion detected !
2023-05-10 14:09:08,017 - INFO - preparing to take a picture
2023-05-10 14:09:08,076 - INFO - preparing to take a picture
2023-05-10 14:09:08,122 - ERROR - Error taking picture: Command '['raspistill', '-o', '/home/it/media/busted_pictures/motion_picture_2023-05-10_14-09-08.jpg']' returned non-zero exit status 70.
2023-05-10 14:09:08,123 - INFO - Picture taken and saved as /home/it/media/busted_pictures/motion_picture_2023-05-10_14-09-08.jpg
2023-05-10 14:09:13,686 - INFO - Picture taken and saved as /home/it/media/busted_pictures/motion_picture_2023-05-10_14-09-08.jpg
2023-05-10 14:09:13,686 - INFO - Picture taken and saved as /home/it/media/busted_pictures/motion_picture_2023-05-10_14-09-08.jpg
